[03/04/18 15:25:05] [ERROR] signal 2 (SIGINT) catched; shutting log-core down (errno: 0, signal code: 128, exit status: -6173468)
[03/04/18 15:37:08] [ERROR] signal 2 (SIGINT) catched; shutting log-core down (errno: 0, signal code: 128, exit status: -1360348)
[03/06/18 21:50:36] [ERROR] signal 6 (SIGABRT) catched; shutting log-core down (errno: 0, signal code: -6, exit status: 0)
[03/24/18 23:44:26] [ERROR] signal 11 (SIGSEGV) catched; shutting log-core down (errno: 0, signal code: 2, exit status: 0)
[04/02/18 15:27:19] [ERROR] signal 6 (SIGABRT) catched; shutting log-core down (errno: 0, signal code: -6, exit status: 0)
[04/05/18 15:11:37] [ERROR] signal 11 (SIGSEGV) catched; shutting log-core down (errno: 0, signal code: 1, exit status: 0)
[04/08/18 03:41:01] [ERROR] signal 6 (SIGABRT) catched; shutting log-core down (errno: 0, signal code: -6, exit status: 0)
[04/18/18 18:56:09] [ERROR] signal 11 (SIGSEGV) catched; shutting log-core down (errno: 0, signal code: 2, exit status: -7495536)
[04/18/18 19:24:31] [ERROR] signal 6 (SIGABRT) catched; shutting log-core down (errno: 0, signal code: -6, exit status: 0)
[04/21/18 13:48:55] [ERROR] signal 11 (SIGSEGV) catched; shutting log-core down (errno: 0, signal code: 1, exit status: 20)
[06/21/18 00:20:29] [ERROR] signal 11 (SIGSEGV) catched; shutting log-core down (errno: 0, signal code: 2, exit status: -2597660)
[06/21/18 00:20:59] [ERROR] signal 11 (SIGSEGV) catched; shutting log-core down (errno: 0, signal code: 2, exit status: -795420)
[06/21/18 00:26:31] [ERROR] signal 11 (SIGSEGV) catched; shutting log-core down (errno: 0, signal code: 2, exit status: -6249820)
[06/21/18 08:42:57] [ERROR] signal 11 (SIGSEGV) catched; shutting log-core down (errno: 0, signal code: 2, exit status: -145341408)
[06/21/18 08:44:00] [ERROR] signal 11 (SIGSEGV) catched; shutting log-core down (errno: 0, signal code: 2, exit status: 171622704)
[06/21/18 12:54:15] [ERROR] signal 11 (SIGSEGV) catched; shutting log-core down (errno: 0, signal code: 2, exit status: 152199472)
[06/21/18 12:54:27] [ERROR] signal 11 (SIGSEGV) catched; shutting log-core down (errno: 0, signal code: 2, exit status: -2282652)
[06/21/18 12:55:10] [ERROR] signal 2 (SIGINT) catched; shutting log-core down (errno: 0, signal code: 128, exit status: 167717016)
[06/21/18 13:37:39] [ERROR] signal 2 (SIGINT) catched; shutting log-core down (errno: 0, signal code: 128, exit status: -4821808)
[06/23/18 08:36:12] [ERROR] signal 11 (SIGSEGV) catched; shutting log-core down (errno: 0, signal code: 2, exit status: 0)
[06/23/18 08:36:17] [ERROR] signal 11 (SIGSEGV) catched; shutting log-core down (errno: 0, signal code: 2, exit status: 0)
[06/23/18 08:36:29] [ERROR] signal 11 (SIGSEGV) catched; shutting log-core down (errno: 0, signal code: 2, exit status: 0)
[06/23/18 08:36:30] [ERROR] signal 11 (SIGSEGV) catched; shutting log-core down (errno: 0, signal code: 2, exit status: 0)
[06/23/18 08:36:55] [ERROR] signal 11 (SIGSEGV) catched; shutting log-core down (errno: 0, signal code: 2, exit status: 0)
[06/23/18 08:37:37] [ERROR] signal 11 (SIGSEGV) catched; shutting log-core down (errno: 0, signal code: 2, exit status: 0)
[06/23/18 08:37:39] [ERROR] signal 11 (SIGSEGV) catched; shutting log-core down (errno: 0, signal code: 2, exit status: 0)
[06/23/18 08:38:15] [ERROR] signal 11 (SIGSEGV) catched; shutting log-core down (errno: 0, signal code: 2, exit status: 0)
[06/23/18 08:38:51] [ERROR] signal 11 (SIGSEGV) catched; shutting log-core down (errno: 0, signal code: 2, exit status: 0)
[06/23/18 08:40:36] [ERROR] signal 11 (SIGSEGV) catched; shutting log-core down (errno: 0, signal code: 2, exit status: 0)
[06/23/18 08:41:20] [ERROR] signal 11 (SIGSEGV) catched; shutting log-core down (errno: 0, signal code: 2, exit status: 0)
[06/23/18 08:43:16] [ERROR] signal 11 (SIGSEGV) catched; shutting log-core down (errno: 0, signal code: 2, exit status: 0)
[06/23/18 08:44:44] [ERROR] signal 11 (SIGSEGV) catched; shutting log-core down (errno: 0, signal code: 2, exit status: 0)
[06/23/18 08:44:52] [ERROR] signal 11 (SIGSEGV) catched; shutting log-core down (errno: 0, signal code: 2, exit status: 0)
[06/23/18 08:47:27] [ERROR] signal 11 (SIGSEGV) catched; shutting log-core down (errno: 0, signal code: 2, exit status: 0)
[06/23/18 08:50:38] [ERROR] signal 11 (SIGSEGV) catched; shutting log-core down (errno: 0, signal code: 2, exit status: 0)
[06/23/18 08:50:47] [ERROR] signal 11 (SIGSEGV) catched; shutting log-core down (errno: 0, signal code: 2, exit status: 0)
[06/23/18 08:50:49] [ERROR] signal 11 (SIGSEGV) catched; shutting log-core down (errno: 0, signal code: 2, exit status: 0)
[06/23/18 08:50:50] [ERROR] signal 11 (SIGSEGV) catched; shutting log-core down (errno: 0, signal code: 2, exit status: 0)
[06/23/18 08:53:33] [ERROR] signal 11 (SIGSEGV) catched; shutting log-core down (errno: 0, signal code: 2, exit status: 0)
[06/23/18 09:04:13] [ERROR] signal 11 (SIGSEGV) catched; shutting log-core down (errno: 0, signal code: 2, exit status: 0)
[06/23/18 09:12:59] [ERROR] signal 11 (SIGSEGV) catched; shutting log-core down (errno: 0, signal code: 2, exit status: 0)
[06/23/18 09:13:12] [ERROR] signal 11 (SIGSEGV) catched; shutting log-core down (errno: 0, signal code: 2, exit status: 0)
[06/23/18 09:20:00] [ERROR] signal 11 (SIGSEGV) catched; shutting log-core down (errno: 0, signal code: 2, exit status: 0)
[06/23/18 10:08:03] [ERROR] signal 11 (SIGSEGV) catched; shutting log-core down (errno: 0, signal code: 2, exit status: 0)
[06/23/18 10:08:10] [ERROR] signal 2 (SIGINT) catched; shutting log-core down (errno: 0, signal code: 128, exit status: 1447839315)
[06/23/18 10:08:15] [ERROR] signal 2 (SIGINT) catched; shutting log-core down (errno: 0, signal code: 128, exit status: -144892308)
[06/23/18 10:27:49] [ERROR] signal 11 (SIGSEGV) catched; shutting log-core down (errno: 0, signal code: 2, exit status: 0)
[06/23/18 10:28:00] [ERROR] signal 2 (SIGINT) catched; shutting log-core down (errno: 0, signal code: 128, exit status: -147380342)
